set -a; [ -f .env ] && . ./.env; set +a; ./bin/worker
2025/08/25 14:05:19 Initializing worker 26f75dc3-ef6c-454d-8b2f-8b59f7455f53 with DB: postgres://naveen@localhost:5432/scheduler?sslmode=disable, Redis: localhost:6379
2025/08/25 14:05:19 Successfully connected to Redis at localhost:6379
2025/08/25 14:05:19 Worker 26f75dc3-ef6c-454d-8b2f-8b59f7455f53 initialized successfully
2025/08/25 14:05:19 Starting worker 26f75dc3-ef6c-454d-8b2f-8b59f7455f53...
2025/08/25 14:05:19 Worker 26f75dc3-ef6c-454d-8b2f-8b59f7455f53 starting... Waiting for jobs
2025/08/25 14:05:19 Worker 26f75dc3-ef6c-454d-8b2f-8b59f7455f53 waiting for next job (attempt 1/3)...
2025/08/25 14:05:19 PopJob: Current queue length before pop: 0
2025/08/25 14:05:19 PopJob: Starting BLPOP with timeout 5s using background context
2025/08/25 14:05:21 PopJob: BLPOP returned result: [pending_jobs 344c4471-0101-4554-8aff-ae9ff0cc55fa], extracted jobId: 344c4471-0101-4554-8aff-ae9ff0cc55fa
2025/08/25 14:05:21 Successfully popped job 344c4471-0101-4554-8aff-ae9ff0cc55fa from queue. Remaining queue length: 0
2025/08/25 14:05:21 Worker 26f75dc3-ef6c-454d-8b2f-8b59f7455f53 received job 344c4471-0101-4554-8aff-ae9ff0cc55fa
2025/08/25 14:05:21 Worker 26f75dc3-ef6c-454d-8b2f-8b59f7455f53 processing job 344c4471-0101-4554-8aff-ae9ff0cc55fa: ls -la
2025/08/25 14:05:22 Worker 26f75dc3-ef6c-454d-8b2f-8b59f7455f53: job 344c4471-0101-4554-8aff-ae9ff0cc55fa completed successfully
2025/08/25 14:05:22 Worker 26f75dc3-ef6c-454d-8b2f-8b59f7455f53 waiting for next job (attempt 1/3)...
2025/08/25 14:05:22 PopJob: Current queue length before pop: 0
2025/08/25 14:05:22 PopJob: Starting BLPOP with timeout 5s using background context
2025/08/25 14:05:27 No jobs available in queue after 5s timeout
2025/08/25 14:05:27 Worker 26f75dc3-ef6c-454d-8b2f-8b59f7455f53 waiting for next job (attempt 1/3)...
2025/08/25 14:05:27 PopJob: Current queue length before pop: 0
2025/08/25 14:05:27 PopJob: Starting BLPOP with timeout 5s using background context
2025/08/25 14:05:32 No jobs available in queue after 5s timeout
2025/08/25 14:05:32 Worker 26f75dc3-ef6c-454d-8b2f-8b59f7455f53 waiting for next job (attempt 1/3)...
2025/08/25 14:05:32 PopJob: Current queue length before pop: 0
2025/08/25 14:05:32 PopJob: Starting BLPOP with timeout 5s using background context
2025/08/25 14:05:37 No jobs available in queue after 5s timeout
2025/08/25 14:05:37 Worker 26f75dc3-ef6c-454d-8b2f-8b59f7455f53 waiting for next job (attempt 1/3)...
2025/08/25 14:05:37 PopJob: Current queue length before pop: 0
2025/08/25 14:05:37 PopJob: Starting BLPOP with timeout 5s using background context
2025/08/25 14:05:42 No jobs available in queue after 5s timeout
2025/08/25 14:05:42 Worker 26f75dc3-ef6c-454d-8b2f-8b59f7455f53 waiting for next job (attempt 1/3)...
2025/08/25 14:05:42 PopJob: Current queue length before pop: 0
2025/08/25 14:05:42 PopJob: Starting BLPOP with timeout 5s using background context
2025/08/25 14:05:47 No jobs available in queue after 5s timeout
2025/08/25 14:05:47 Worker 26f75dc3-ef6c-454d-8b2f-8b59f7455f53 waiting for next job (attempt 1/3)...
2025/08/25 14:05:47 PopJob: Current queue length before pop: 0
2025/08/25 14:05:47 PopJob: Starting BLPOP with timeout 5s using background context
2025/08/25 14:05:52 No jobs available in queue after 5s timeout
2025/08/25 14:05:52 Worker 26f75dc3-ef6c-454d-8b2f-8b59f7455f53 waiting for next job (attempt 1/3)...
2025/08/25 14:05:52 PopJob: Current queue length before pop: 0
2025/08/25 14:05:52 PopJob: Starting BLPOP with timeout 5s using background context
2025/08/25 14:05:57 No jobs available in queue after 5s timeout
2025/08/25 14:05:57 Worker 26f75dc3-ef6c-454d-8b2f-8b59f7455f53 waiting for next job (attempt 1/3)...
2025/08/25 14:05:57 PopJob: Current queue length before pop: 0
2025/08/25 14:05:57 PopJob: Starting BLPOP with timeout 5s using background context
2025/08/25 14:06:02 No jobs available in queue after 5s timeout
2025/08/25 14:06:02 Worker 26f75dc3-ef6c-454d-8b2f-8b59f7455f53 waiting for next job (attempt 1/3)...
2025/08/25 14:06:02 PopJob: Current queue length before pop: 0
2025/08/25 14:06:02 PopJob: Starting BLPOP with timeout 5s using background context
2025/08/25 14:06:07 No jobs available in queue after 5s timeout
2025/08/25 14:06:07 Worker 26f75dc3-ef6c-454d-8b2f-8b59f7455f53 waiting for next job (attempt 1/3)...
2025/08/25 14:06:07 PopJob: Current queue length before pop: 0
2025/08/25 14:06:07 PopJob: Starting BLPOP with timeout 5s using background context
2025/08/25 14:06:12 No jobs available in queue after 5s timeout
2025/08/25 14:06:12 Worker 26f75dc3-ef6c-454d-8b2f-8b59f7455f53 waiting for next job (attempt 1/3)...
2025/08/25 14:06:12 PopJob: Current queue length before pop: 0
2025/08/25 14:06:12 PopJob: Starting BLPOP with timeout 5s using background context
2025/08/25 14:06:17 No jobs available in queue after 5s timeout
2025/08/25 14:06:17 Worker 26f75dc3-ef6c-454d-8b2f-8b59f7455f53 waiting for next job (attempt 1/3)...
2025/08/25 14:06:17 PopJob: Current queue length before pop: 0
2025/08/25 14:06:17 PopJob: Starting BLPOP with timeout 5s using background context
2025/08/25 14:06:22 No jobs available in queue after 5s timeout
2025/08/25 14:06:22 Worker 26f75dc3-ef6c-454d-8b2f-8b59f7455f53 waiting for next job (attempt 1/3)...
2025/08/25 14:06:22 PopJob: Current queue length before pop: 0
2025/08/25 14:06:22 PopJob: Starting BLPOP with timeout 5s using background context
